<!DOCTYPE html PUBLIC "-//W3C//DTD XHTML 1.1//EN" "https://www.w3.org/TR/xhtml11/DTD/xhtml11.dtd">
<html xmlns="https://www.w3.org/1999/xhtml">
<head>
<meta http-equiv="content-type" content="text/html; charset=UTF-8"/>
<title>TestNG Report</title>
<style type="text/css">table {margin-bottom:10px;border-collapse:collapse;empty-cells:show}th,td {border:1px solid #009;padding:.25em .5em}th {vertical-align:bottom}td {vertical-align:top}table a {font-weight:bold}.stripe td {background-color: #E6EBF9}.num {text-align:right}.passedodd td {background-color: #3F3}.passedeven td {background-color: #0A0}.skippedodd td {background-color: #DDD}.skippedeven td {background-color: #CCC}.failedodd td,.attn {background-color: #F33}.failedeven td,.stripe .attn {background-color: #D00}.stacktrace {white-space:pre;font-family:monospace}.totop {font-size:85%;text-align:center;border-bottom:2px solid #000}.invisible {display:none}</style>
</head>
<body>
<table>
<tr><th>Test</th><th># Passed</th><th># Skipped</th><th># Retried</th><th># Failed</th><th>Time (ms)</th><th>Included Groups</th><th>Excluded Groups</th></tr>
<tr><th colspan="8">Suite</th></tr>
<tr><td><a href="#t0">Test</a></td><td class="num">16</td><td class="num">0</td><td class="num">0</td><td class="num attn">4</td><td class="num">99,953</td><td></td><td></td></tr>
</table>
<table id='summary'><thead><tr><th>Class</th><th>Method</th><th>Start</th><th>Time (ms)</th></tr></thead><tbody><tr><th colspan="4">Suite</th></tr></tbody><tbody id="t0"><tr><th colspan="4">Test &#8212; failed</th></tr><tr class="failedeven"><td rowspan="4">tests.Login</td><td><a href="#m0">verifyBrowsingBackAfterLogout</a></td><td rowspan="1">1744483183945</td><td rowspan="1">4151</td></tr><tr class="failedeven"><td><a href="#m1">verifyLoggingIntoApplicationUsingValidCredentials</a></td><td rowspan="1">1744483151965</td><td rowspan="1">3319</td></tr><tr class="failedeven"><td><a href="#m2">verifyLoginPageBreadCrumbUrlTitleHeading</a></td><td rowspan="1">1744483245429</td><td rowspan="1">65</td></tr><tr class="failedeven"><td><a href="#m3">verifyNumberOfUnsuccessfullLoginAttemps</a></td><td rowspan="1">1744483193122</td><td rowspan="1">2403</td></tr><tr><th colspan="4">Test &#8212; passed</th></tr><tr class="passedeven"><td rowspan="16">tests.Login</td><td><a href="#m4">verifyBrowsingBackAfterLogin</a></td><td rowspan="1">1744483180910</td><td rowspan="1">595</td></tr><tr class="passedeven"><td><a href="#m5">verifyCopyingOfTextEnteredIntoPasswordFeilds</a></td><td rowspan="1">1744483200351</td><td rowspan="1">1022</td></tr><tr class="passedeven"><td><a href="#m6">verifyDifferentWaysOfNavigatingToLoginPage</a></td><td rowspan="1">1744483241674</td><td rowspan="1">1000</td></tr><tr class="passedeven"><td><a href="#m7">verifyForgottenOptionIsAvailable</a></td><td rowspan="1">1744483169004</td><td rowspan="1">226</td></tr><tr class="passedeven"><td><a href="#m8">verifyLoggingInToApplicationUsingChangedPassword</a></td><td rowspan="1">1744483209030</td><td rowspan="1">17082</td></tr><tr class="passedeven"><td><a href="#m9">verifyLoggingIntoApplicationUsingInactiveCredentials</a></td><td rowspan="1">1744483190106</td><td rowspan="1">820</td></tr><tr class="passedeven"><td><a href="#m10">verifyLoggingIntoApplicationUsingInvalidCredentials</a></td><td rowspan="1">1744483157341</td><td rowspan="1">690</td></tr><tr class="passedeven"><td><a href="#m11">verifyLoggingIntoApplicationUsingInvalidEmailAndValidPassword</a></td><td rowspan="1">1744483160099</td><td rowspan="1">722</td></tr><tr class="passedeven"><td><a href="#m12">verifyLoggingIntoApplicationUsingKeyboardKeys</a></td><td rowspan="1">1744483171287</td><td rowspan="1">5197</td></tr><tr class="passedeven"><td><a href="#m13">verifyLoggingIntoApplicationUsingValidEmailAndInvalidPassword</a></td><td rowspan="1">1744483162856</td><td rowspan="1">744</td></tr><tr class="passedeven"><td><a href="#m14">verifyLoggingIntoApplicationWithoutProvidingAnyCredentials</a></td><td rowspan="1">1744483165655</td><td rowspan="1">971</td></tr><tr class="passedeven"><td><a href="#m15">verifyLoginInAllEnvironments</a></td><td rowspan="1">1744483248191</td><td rowspan="1">1081</td></tr><tr class="passedeven"><td><a href="#m16">verifyLoginPageNavigation</a></td><td rowspan="1">1744483228256</td><td rowspan="1">11227</td></tr><tr class="passedeven"><td><a href="#m17">verifyLoginPasswordFeildForVisibility</a></td><td rowspan="1">1744483198013</td><td rowspan="1">24</td></tr><tr class="passedeven"><td><a href="#m18">verifyPasswordIsNotVisibleInPageSource</a></td><td rowspan="1">1744483206249</td><td rowspan="1">158</td></tr><tr class="passedeven"><td><a href="#m19">verifyPlaceHoldersofFeildsInLoginPage</a></td><td rowspan="1">1744483178654</td><td rowspan="1">29</td></tr></tbody>
</table>
<h2>Test</h2><h3 id="m0">tests.Login#verifyBrowsingBackAfterLogout</h3><table class="result"><tr><th>Exception</th></tr><tr><td><div class="stacktrace">java.lang.NullPointerException: Cannot invoke &quot;pages.LogoutPage.getDriver()&quot; because &quot;this.logoutPage&quot; is null
	at tests.Login.verifyBrowsingBackAfterLogout(Login.java:147)
	at java.base/java.util.ArrayList.forEach(ArrayList.java:1511)
... Removed 27 stack frames</div></td></tr></table><p class="totop"><a href="#summary">back to summary</a></p>
<h3 id="m1">tests.Login#verifyLoggingIntoApplicationUsingValidCredentials</h3><table class="result"><tr><th>Exception</th></tr><tr><td><div class="stacktrace">java.lang.AssertionError: expected [true] but found [false]
	at tests.Login.verifyLoggingIntoApplicationUsingValidCredentials(Login.java:49)
	at java.base/java.util.ArrayList.forEach(ArrayList.java:1511)
... Removed 31 stack frames</div></td></tr></table><p class="totop"><a href="#summary">back to summary</a></p>
<h3 id="m2">tests.Login#verifyLoginPageBreadCrumbUrlTitleHeading</h3><table class="result"><tr><th>Exception</th></tr><tr><td><div class="stacktrace">org.openqa.selenium.InvalidSelectorException: invalid selector: Unable to locate an element with the xpath expression //div[@id=&apos;content&apos;]//h2)[1] because of the following error:
SyntaxError: Failed to execute &apos;evaluate&apos; on &apos;Document&apos;: The string &apos;//div[@id=&apos;content&apos;]//h2)[1]&apos; is not a valid XPath expression.
  (Session info: chrome=135.0.7049.85)
For documentation on this error, please visit: https://www.selenium.dev/documentation/webdriver/troubleshooting/errors#invalid-selector-exception
Build info: version: &apos;4.26.0&apos;, revision: &apos;8ccf0219d7&apos;
System info: os.name: &apos;Windows 11&apos;, os.arch: &apos;amd64&apos;, os.version: &apos;10.0&apos;, java.version: &apos;17.0.12&apos;
Driver info: org.openqa.selenium.chrome.ChromeDriver
Command: [2f3a0730a137936b3632e213467cfe79, findElement {value=//div[@id=&apos;content&apos;]//h2)[1], using=xpath}]
Capabilities {acceptInsecureCerts: false, browserName: chrome, browserVersion: 135.0.7049.85, chrome: {chromedriverVersion: 135.0.7049.84 (6c019e560019..., userDataDir: C:\Users\NITHISH\AppData\Lo...}, fedcm:accounts: true, goog:chromeOptions: {debuggerAddress: localhost:56661}, networkConnectionEnabled: false, pageLoadStrategy: normal, platformName: windows, proxy: Proxy(), se:cdp: ws://localhost:56661/devtoo..., se:cdpVersion: 135.0.7049.85, setWindowRect: true, strictFileInteractability: false, timeouts: {implicit: 0, pageLoad: 300000, script: 30000}, unhandledPromptBehavior: dismiss and notify, webauthn:extension:credBlob: true, webauthn:extension:largeBlob: true, webauthn:extension:minPinLength: true, webauthn:extension:prf: true, webauthn:virtualAuthenticators: true}
Session ID: 2f3a0730a137936b3632e213467cfe79
	at org.openqa.selenium.remote.ErrorCodec.decode(ErrorCodec.java:167)
	at org.openqa.selenium.remote.codec.w3c.W3CHttpResponseCodec.decode(W3CHttpResponseCodec.java:138)
	at org.openqa.selenium.remote.codec.w3c.W3CHttpResponseCodec.decode(W3CHttpResponseCodec.java:50)
	at org.openqa.selenium.remote.HttpCommandExecutor.execute(HttpCommandExecutor.java:190)
	at org.openqa.selenium.remote.service.DriverCommandExecutor.invokeExecute(DriverCommandExecutor.java:216)
	at org.openqa.selenium.remote.service.DriverCommandExecutor.execute(DriverCommandExecutor.java:174)
	at org.openqa.selenium.remote.RemoteWebDriver.execute(RemoteWebDriver.java:545)
	at org.openqa.selenium.remote.ElementLocation$ElementFinder$2.findElement(ElementLocation.java:165)
	at org.openqa.selenium.remote.ElementLocation.findElement(ElementLocation.java:59)
	at org.openqa.selenium.remote.RemoteWebDriver.findElement(RemoteWebDriver.java:368)
	at org.openqa.selenium.remote.RemoteWebDriver.findElement(RemoteWebDriver.java:362)
	at org.openqa.selenium.support.pagefactory.DefaultElementLocator.findElement(DefaultElementLocator.java:68)
	at org.openqa.selenium.support.pagefactory.internal.LocatingElementHandler.invoke(LocatingElementHandler.java:38)
	at jdk.proxy2/jdk.proxy2.$Proxy14.isDisplayed(Unknown Source)
	at Utils.ElementUtilities.getElementText(ElementUtilities.java:58)
	at pages.LoginPage.getFirstHeading(LoginPage.java:91)
	at tests.Login.verifyLoginPageBreadCrumbUrlTitleHeading(Login.java:454)
	at java.base/java.util.ArrayList.forEach(ArrayList.java:1511)
... Removed 32 stack frames</div></td></tr></table><p class="totop"><a href="#summary">back to summary</a></p>
<h3 id="m3">tests.Login#verifyNumberOfUnsuccessfullLoginAttemps</h3><table class="result"><tr><th>Exception</th></tr><tr><td><div class="stacktrace">org.openqa.selenium.WebDriverException: unknown error: unhandled inspector error: {&quot;code&quot;:-32000,&quot;message&quot;:&quot;Node with given id does not belong to the document&quot;}
  (Session info: chrome=135.0.7049.85)
Build info: version: &apos;4.26.0&apos;, revision: &apos;8ccf0219d7&apos;
System info: os.name: &apos;Windows 11&apos;, os.arch: &apos;amd64&apos;, os.version: &apos;10.0&apos;, java.version: &apos;17.0.12&apos;
Driver info: org.openqa.selenium.chrome.ChromeDriver
Command: [f906c803c674c9235ea33060199b21c4, isElementDisplayed {id=f.1425B44A20E613FD1F503E657E2F59A4.d.9492C0D3DBFD8F66300E371C8BE6A523.e.145}]
Capabilities {acceptInsecureCerts: false, browserName: chrome, browserVersion: 135.0.7049.85, chrome: {chromedriverVersion: 135.0.7049.84 (6c019e560019..., userDataDir: C:\Users\NITHISH\AppData\Lo...}, fedcm:accounts: true, goog:chromeOptions: {debuggerAddress: localhost:56518}, networkConnectionEnabled: false, pageLoadStrategy: normal, platformName: windows, proxy: Proxy(), se:cdp: ws://localhost:56518/devtoo..., se:cdpVersion: 135.0.7049.85, setWindowRect: true, strictFileInteractability: false, timeouts: {implicit: 0, pageLoad: 300000, script: 30000}, unhandledPromptBehavior: dismiss and notify, webauthn:extension:credBlob: true, webauthn:extension:largeBlob: true, webauthn:extension:minPinLength: true, webauthn:extension:prf: true, webauthn:virtualAuthenticators: true}
Element: [[ChromeDriver: chrome on windows (f906c803c674c9235ea33060199b21c4)] -&gt; xpath: //div[@class=&apos;alert alert-danger alert-dismissible&apos;]]
Session ID: f906c803c674c9235ea33060199b21c4
	at org.openqa.selenium.remote.ErrorCodec.decode(ErrorCodec.java:167)
	at org.openqa.selenium.remote.codec.w3c.W3CHttpResponseCodec.decode(W3CHttpResponseCodec.java:138)
	at org.openqa.selenium.remote.codec.w3c.W3CHttpResponseCodec.decode(W3CHttpResponseCodec.java:50)
	at org.openqa.selenium.remote.HttpCommandExecutor.execute(HttpCommandExecutor.java:190)
	at org.openqa.selenium.remote.service.DriverCommandExecutor.invokeExecute(DriverCommandExecutor.java:216)
	at org.openqa.selenium.remote.service.DriverCommandExecutor.execute(DriverCommandExecutor.java:174)
	at org.openqa.selenium.remote.RemoteWebDriver.execute(RemoteWebDriver.java:545)
	at org.openqa.selenium.remote.RemoteWebElement.execute(RemoteWebElement.java:223)
	at org.openqa.selenium.remote.RemoteWebElement.isDisplayed(RemoteWebElement.java:282)
	at org.openqa.selenium.support.pagefactory.internal.LocatingElementHandler.invoke(LocatingElementHandler.java:51)
	at jdk.proxy2/jdk.proxy2.$Proxy14.isDisplayed(Unknown Source)
	at Utils.ElementUtilities.getElementText(ElementUtilities.java:58)
	at pages.LoginPage.pagelevelWarning(LoginPage.java:125)
	at tests.Login.verifyNumberOfUnsuccessfullLoginAttemps(Login.java:186)
	at java.base/java.util.ArrayList.forEach(ArrayList.java:1511)
... Removed 35 stack frames</div></td></tr></table><p class="totop"><a href="#summary">back to summary</a></p>
<h3 id="m4">tests.Login#verifyBrowsingBackAfterLogin</h3><table class="result"><tr><th class="invisible"/></tr></table><p class="totop"><a href="#summary">back to summary</a></p>
<h3 id="m5">tests.Login#verifyCopyingOfTextEnteredIntoPasswordFeilds</h3><table class="result"><tr><th class="invisible"/></tr></table><p class="totop"><a href="#summary">back to summary</a></p>
<h3 id="m6">tests.Login#verifyDifferentWaysOfNavigatingToLoginPage</h3><table class="result"><tr><th class="invisible"/></tr></table><p class="totop"><a href="#summary">back to summary</a></p>
<h3 id="m7">tests.Login#verifyForgottenOptionIsAvailable</h3><table class="result"><tr><th class="invisible"/></tr></table><p class="totop"><a href="#summary">back to summary</a></p>
<h3 id="m8">tests.Login#verifyLoggingInToApplicationUsingChangedPassword</h3><table class="result"><tr><th class="invisible"/></tr></table><p class="totop"><a href="#summary">back to summary</a></p>
<h3 id="m9">tests.Login#verifyLoggingIntoApplicationUsingInactiveCredentials</h3><table class="result"><tr><th class="invisible"/></tr></table><p class="totop"><a href="#summary">back to summary</a></p>
<h3 id="m10">tests.Login#verifyLoggingIntoApplicationUsingInvalidCredentials</h3><table class="result"><tr><th class="invisible"/></tr></table><p class="totop"><a href="#summary">back to summary</a></p>
<h3 id="m11">tests.Login#verifyLoggingIntoApplicationUsingInvalidEmailAndValidPassword</h3><table class="result"><tr><th class="invisible"/></tr></table><p class="totop"><a href="#summary">back to summary</a></p>
<h3 id="m12">tests.Login#verifyLoggingIntoApplicationUsingKeyboardKeys</h3><table class="result"><tr><th class="invisible"/></tr></table><p class="totop"><a href="#summary">back to summary</a></p>
<h3 id="m13">tests.Login#verifyLoggingIntoApplicationUsingValidEmailAndInvalidPassword</h3><table class="result"><tr><th class="invisible"/></tr></table><p class="totop"><a href="#summary">back to summary</a></p>
<h3 id="m14">tests.Login#verifyLoggingIntoApplicationWithoutProvidingAnyCredentials</h3><table class="result"><tr><th class="invisible"/></tr></table><p class="totop"><a href="#summary">back to summary</a></p>
<h3 id="m15">tests.Login#verifyLoginInAllEnvironments</h3><table class="result"><tr><th class="invisible"/></tr></table><p class="totop"><a href="#summary">back to summary</a></p>
<h3 id="m16">tests.Login#verifyLoginPageNavigation</h3><table class="result"><tr><th class="invisible"/></tr></table><p class="totop"><a href="#summary">back to summary</a></p>
<h3 id="m17">tests.Login#verifyLoginPasswordFeildForVisibility</h3><table class="result"><tr><th class="invisible"/></tr></table><p class="totop"><a href="#summary">back to summary</a></p>
<h3 id="m18">tests.Login#verifyPasswordIsNotVisibleInPageSource</h3><table class="result"><tr><th class="invisible"/></tr></table><p class="totop"><a href="#summary">back to summary</a></p>
<h3 id="m19">tests.Login#verifyPlaceHoldersofFeildsInLoginPage</h3><table class="result"><tr><th class="invisible"/></tr></table><p class="totop"><a href="#summary">back to summary</a></p>
</body>
</html>
